<?xml version="1.0" encoding="UTF-8" standalone="no"?>
<!DOCTYPE log SYSTEM "logger.dtd">
<log>
<record>
  <date>2018-05-29T13:08:46</date>
  <millis>1527592126355</millis>
  <sequence>0</sequence>
  <logger>global</logger>
  <level>INFO</level>
  <class>tankgamegui.TankGameApplication</class>
  <method>main</method>
  <thread>1</thread>
  <message>Program has started</message>
</record>
</log>
<?xml version="1.0" encoding="UTF-8" standalone="no"?>
<!DOCTYPE log SYSTEM "logger.dtd">
<log>
<record>
  <date>2018-05-29T14:36:40</date>
  <millis>1527597400424</millis>
  <sequence>0</sequence>
  <logger>global</logger>
  <level>INFO</level>
  <class>tankgamegui.TankGameApplication</class>
  <method>main</method>
  <thread>1</thread>
  <message>Program has started</message>
</record>
</log>
<?xml version="1.0" encoding="UTF-8" standalone="no"?>
<!DOCTYPE log SYSTEM "logger.dtd">
<log>
<record>
  <date>2018-05-29T15:24:18</date>
  <millis>1527600258727</millis>
  <sequence>0</sequence>
  <logger>global</logger>
  <level>INFO</level>
  <class>tankgamegui.TankGameApplication</class>
  <method>main</method>
  <thread>1</thread>
  <message>Program has started</message>
</record>
</log>
<?xml version="1.0" encoding="UTF-8" standalone="no"?>
<!DOCTYPE log SYSTEM "logger.dtd">
<log>
<record>
  <date>2018-05-29T15:26:19</date>
  <millis>1527600379563</millis>
  <sequence>0</sequence>
  <logger>global</logger>
  <level>INFO</level>
  <class>tankgamegui.TankGameApplication</class>
  <method>main</method>
  <thread>1</thread>
  <message>Program has started</message>
</record>
</log>
<?xml version="1.0" encoding="UTF-8" standalone="no"?>
<!DOCTYPE log SYSTEM "logger.dtd">
<log>
<record>
  <date>2018-05-29T15:29:04</date>
  <millis>1527600544685</millis>
  <sequence>0</sequence>
  <logger>global</logger>
  <level>INFO</level>
  <class>tankgamegui.TankGameApplication</class>
  <method>main</method>
  <thread>1</thread>
  <message>Program has started</message>
</record>
</log>
<?xml version="1.0" encoding="UTF-8" standalone="no"?>
<!DOCTYPE log SYSTEM "logger.dtd">
<log>
<record>
  <date>2018-05-29T15:32:14</date>
  <millis>1527600734009</millis>
  <sequence>0</sequence>
  <logger>global</logger>
  <level>INFO</level>
  <class>tankgamegui.TankGameApplication</class>
  <method>main</method>
  <thread>1</thread>
  <message>Program has started</message>
</record>
</log>
<?xml version="1.0" encoding="UTF-8" standalone="no"?>
<!DOCTYPE log SYSTEM "logger.dtd">
<log>
<record>
  <date>2018-05-29T15:43:16</date>
  <millis>1527601396548</millis>
  <sequence>0</sequence>
  <logger>global</logger>
  <level>INFO</level>
  <class>tankgamegui.TankGameApplication</class>
  <method>main</method>
  <thread>1</thread>
  <message>Program has started</message>
</record>
</log>
<?xml version="1.0" encoding="UTF-8" standalone="no"?>
<!DOCTYPE log SYSTEM "logger.dtd">
<log>
<record>
  <date>2018-05-29T15:56:11</date>
  <millis>1527602171484</millis>
  <sequence>0</sequence>
  <logger>global</logger>
  <level>INFO</level>
  <class>tankgamegui.TankGameApplication</class>
  <method>main</method>
  <thread>1</thread>
  <message>Program has started</message>
</record>
</log>
<?xml version="1.0" encoding="UTF-8" standalone="no"?>
<!DOCTYPE log SYSTEM "logger.dtd">
<log>
<record>
  <date>2018-05-29T15:56:27</date>
  <millis>1527602187771</millis>
  <sequence>0</sequence>
  <logger>global</logger>
  <level>INFO</level>
  <class>tankgamegui.TankGameApplication</class>
  <method>main</method>
  <thread>1</thread>
  <message>Program has started</message>
</record>
</log>
<?xml version="1.0" encoding="UTF-8" standalone="no"?>
<!DOCTYPE log SYSTEM "logger.dtd">
<log>
<record>
  <date>2018-05-30T09:34:58</date>
  <millis>1527665698755</millis>
  <sequence>0</sequence>
  <logger>global</logger>
  <level>INFO</level>
  <class>tankgamegui.TankGameApplication</class>
  <method>main</method>
  <thread>1</thread>
  <message>Program has started</message>
</record>
</log>
<?xml version="1.0" encoding="UTF-8" standalone="no"?>
<!DOCTYPE log SYSTEM "logger.dtd">
<log>
<record>
  <date>2018-05-30T09:40:47</date>
  <millis>1527666047104</millis>
  <sequence>0</sequence>
  <logger>global</logger>
  <level>INFO</level>
  <class>tankgamegui.TankGameApplication</class>
  <method>main</method>
  <thread>1</thread>
  <message>Program has started</message>
</record>
</log>
<?xml version="1.0" encoding="UTF-8" standalone="no"?>
<!DOCTYPE log SYSTEM "logger.dtd">
<log>
<record>
  <date>2018-05-30T09:41:32</date>
  <millis>1527666092369</millis>
  <sequence>0</sequence>
  <logger>global</logger>
  <level>INFO</level>
  <class>tankgamegui.TankGameApplication</class>
  <method>main</method>
  <thread>1</thread>
  <message>Program has started</message>
</record>
</log>
<?xml version="1.0" encoding="UTF-8" standalone="no"?>
<!DOCTYPE log SYSTEM "logger.dtd">
<log>
<record>
  <date>2018-05-30T09:50:08</date>
  <millis>1527666608501</millis>
  <sequence>8</sequence>
  <logger>global</logger>
  <level>INFO</level>
  <class>tankgamegui.TankGameApplication</class>
  <method>main</method>
  <thread>1</thread>
  <message>Program has started</message>
</record>
</log>
<?xml version="1.0" encoding="UTF-8" standalone="no"?>
<!DOCTYPE log SYSTEM "logger.dtd">
<log>
<record>
  <date>2018-05-30T09:55:35</date>
  <millis>1527666935424</millis>
  <sequence>0</sequence>
  <logger>global</logger>
  <level>INFO</level>
  <class>tankgamegui.TankGameApplication</class>
  <method>main</method>
  <thread>1</thread>
  <message>Program has started</message>
</record>
</log>
<?xml version="1.0" encoding="UTF-8" standalone="no"?>
<!DOCTYPE log SYSTEM "logger.dtd">
<log>
<record>
  <date>2018-05-30T10:04:52</date>
  <millis>1527667492333</millis>
  <sequence>0</sequence>
  <logger>global</logger>
  <level>INFO</level>
  <class>tankgamegui.TankGameApplication</class>
  <method>main</method>
  <thread>1</thread>
  <message>Program has started</message>
</record>
</log>
<?xml version="1.0" encoding="UTF-8" standalone="no"?>
<!DOCTYPE log SYSTEM "logger.dtd">
<log>
<record>
  <date>2018-05-30T10:05:22</date>
  <millis>1527667522823</millis>
  <sequence>0</sequence>
  <logger>global</logger>
  <level>INFO</level>
  <class>tankgamegui.TankGameApplication</class>
  <method>main</method>
  <thread>1</thread>
  <message>Program has started</message>
</record>
</log>
<?xml version="1.0" encoding="UTF-8" standalone="no"?>
<!DOCTYPE log SYSTEM "logger.dtd">
<log>
<record>
  <date>2018-05-30T10:05:45</date>
  <millis>1527667545354</millis>
  <sequence>0</sequence>
  <logger>global</logger>
  <level>INFO</level>
  <class>tankgamegui.TankGameApplication</class>
  <method>main</method>
  <thread>1</thread>
  <message>Program has started</message>
</record>
</log>
<?xml version="1.0" encoding="UTF-8" standalone="no"?>
<!DOCTYPE log SYSTEM "logger.dtd">
<log>
<record>
  <date>2018-05-30T10:06:01</date>
  <millis>1527667561663</millis>
  <sequence>0</sequence>
  <logger>global</logger>
  <level>INFO</level>
  <class>tankgamegui.TankGameApplication</class>
  <method>main</method>
  <thread>1</thread>
  <message>Program has started</message>
</record>
</log>
<?xml version="1.0" encoding="UTF-8" standalone="no"?>
<!DOCTYPE log SYSTEM "logger.dtd">
<log>
<record>
  <date>2018-05-30T10:08:06</date>
  <millis>1527667686452</millis>
  <sequence>0</sequence>
  <logger>global</logger>
  <level>INFO</level>
  <class>tankgamegui.TankGameApplication</class>
  <method>main</method>
  <thread>1</thread>
  <message>Program has started</message>
</record>
</log>
<?xml version="1.0" encoding="UTF-8" standalone="no"?>
<!DOCTYPE log SYSTEM "logger.dtd">
<log>
<record>
  <date>2018-05-30T10:57:30</date>
  <millis>1527670650653</millis>
  <sequence>0</sequence>
  <logger>global</logger>
  <level>INFO</level>
  <class>tankgamegui.TankGameApplication</class>
  <method>main</method>
  <thread>1</thread>
  <message>Program has started</message>
</record>
</log>
<?xml version="1.0" encoding="UTF-8" standalone="no"?>
<!DOCTYPE log SYSTEM "logger.dtd">
<log>
<record>
  <date>2018-05-30T11:07:05</date>
  <millis>1527671225916</millis>
  <sequence>0</sequence>
  <logger>global</logger>
  <level>INFO</level>
  <class>tankgamegui.TankGameApplication</class>
  <method>main</method>
  <thread>1</thread>
  <message>Program has started</message>
</record>
</log>
<?xml version="1.0" encoding="UTF-8" standalone="no"?>
<!DOCTYPE log SYSTEM "logger.dtd">
<log>
<record>
  <date>2018-05-30T11:07:54</date>
  <millis>1527671274001</millis>
  <sequence>0</sequence>
  <logger>global</logger>
  <level>INFO</level>
  <class>tankgamegui.TankGameApplication</class>
  <method>main</method>
  <thread>1</thread>
  <message>Program has started</message>
</record>
</log>
<?xml version="1.0" encoding="UTF-8" standalone="no"?>
<!DOCTYPE log SYSTEM "logger.dtd">
<log>
<record>
  <date>2018-05-30T11:08:36</date>
  <millis>1527671316331</millis>
  <sequence>0</sequence>
  <logger>global</logger>
  <level>INFO</level>
  <class>tankgamegui.TankGameApplication</class>
  <method>main</method>
  <thread>1</thread>
  <message>Program has started</message>
</record>
</log>
<?xml version="1.0" encoding="UTF-8" standalone="no"?>
<!DOCTYPE log SYSTEM "logger.dtd">
<log>
<record>
  <date>2018-05-30T11:55:57</date>
  <millis>1527674157438</millis>
  <sequence>0</sequence>
  <logger>global</logger>
  <level>INFO</level>
  <class>tankgamegui.TankGameApplication</class>
  <method>main</method>
  <thread>1</thread>
  <message>Program has started</message>
</record>
</log>
<?xml version="1.0" encoding="UTF-8" standalone="no"?>
<!DOCTYPE log SYSTEM "logger.dtd">
<log>
<record>
  <date>2018-05-30T11:56:37</date>
  <millis>1527674197006</millis>
  <sequence>0</sequence>
  <logger>global</logger>
  <level>INFO</level>
  <class>tankgamegui.TankGameApplication</class>
  <method>main</method>
  <thread>1</thread>
  <message>Program has started</message>
</record>
</log>
<?xml version="1.0" encoding="UTF-8" standalone="no"?>
<!DOCTYPE log SYSTEM "logger.dtd">
<log>
<record>
  <date>2018-05-30T11:57:00</date>
  <millis>1527674220572</millis>
  <sequence>0</sequence>
  <logger>global</logger>
  <level>INFO</level>
  <class>tankgamegui.TankGameApplication</class>
  <method>main</method>
  <thread>1</thread>
  <message>Program has started</message>
</record>
</log>
<?xml version="1.0" encoding="UTF-8" standalone="no"?>
<!DOCTYPE log SYSTEM "logger.dtd">
<log>
<record>
  <date>2018-05-30T12:12:20</date>
  <millis>1527675140344</millis>
  <sequence>0</sequence>
  <logger>global</logger>
  <level>INFO</level>
  <class>tankgamegui.TankGameApplication</class>
  <method>main</method>
  <thread>1</thread>
  <message>Program has started</message>
</record>
</log>
<?xml version="1.0" encoding="UTF-8" standalone="no"?>
<!DOCTYPE log SYSTEM "logger.dtd">
<log>
<record>
  <date>2018-05-30T12:13:51</date>
  <millis>1527675231857</millis>
  <sequence>0</sequence>
  <logger>global</logger>
  <level>INFO</level>
  <class>tankgamegui.TankGameApplication</class>
  <method>main</method>
  <thread>1</thread>
  <message>Program has started</message>
</record>
</log>
<?xml version="1.0" encoding="UTF-8" standalone="no"?>
<!DOCTYPE log SYSTEM "logger.dtd">
<log>
<record>
  <date>2018-05-30T12:15:14</date>
  <millis>1527675314607</millis>
  <sequence>0</sequence>
  <logger>global</logger>
  <level>INFO</level>
  <class>tankgamegui.TankGameApplication</class>
  <method>main</method>
  <thread>1</thread>
  <message>Program has started</message>
</record>
</log>
<?xml version="1.0" encoding="UTF-8" standalone="no"?>
<!DOCTYPE log SYSTEM "logger.dtd">
<log>
<record>
  <date>2018-05-30T12:18:28</date>
  <millis>1527675508634</millis>
  <sequence>0</sequence>
  <logger>global</logger>
  <level>INFO</level>
  <class>tankgamegui.TankGameApplication</class>
  <method>main</method>
  <thread>1</thread>
  <message>Program has started</message>
</record>
</log>
<?xml version="1.0" encoding="UTF-8" standalone="no"?>
<!DOCTYPE log SYSTEM "logger.dtd">
<log>
<record>
  <date>2018-05-30T12:18:58</date>
  <millis>1527675538723</millis>
  <sequence>0</sequence>
  <logger>global</logger>
  <level>INFO</level>
  <class>tankgamegui.TankGameApplication</class>
  <method>main</method>
  <thread>1</thread>
  <message>Program has started</message>
</record>
</log>
<?xml version="1.0" encoding="UTF-8" standalone="no"?>
<!DOCTYPE log SYSTEM "logger.dtd">
<log>
<record>
  <date>2018-05-30T12:24:37</date>
  <millis>1527675877664</millis>
  <sequence>0</sequence>
  <logger>global</logger>
  <level>INFO</level>
  <class>tankgamegui.TankGameApplication</class>
  <method>main</method>
  <thread>1</thread>
  <message>Program has started</message>
</record>
</log>
<?xml version="1.0" encoding="UTF-8" standalone="no"?>
<!DOCTYPE log SYSTEM "logger.dtd">
<log>
<record>
  <date>2018-06-04T21:40:37</date>
  <millis>1528141237209</millis>
  <sequence>0</sequence>
  <logger>global</logger>
  <level>INFO</level>
  <class>tankgamegui.TankGameApplication</class>
  <method>main</method>
  <thread>1</thread>
  <message>Program has started</message>
</record>
</log>
<?xml version="1.0" encoding="UTF-8" standalone="no"?>
<!DOCTYPE log SYSTEM "logger.dtd">
<log>
<record>
  <date>2018-06-04T21:49:35</date>
  <millis>1528141775680</millis>
  <sequence>0</sequence>
  <logger>global</logger>
  <level>INFO</level>
  <class>tankgamegui.TankGameApplication</class>
  <method>main</method>
  <thread>1</thread>
  <message>Program has started</message>
</record>
</log>
<?xml version="1.0" encoding="UTF-8" standalone="no"?>
<!DOCTYPE log SYSTEM "logger.dtd">
<log>
<record>
  <date>2018-06-04T22:04:49</date>
  <millis>1528142689153</millis>
  <sequence>0</sequence>
  <logger>global</logger>
  <level>INFO</level>
  <class>tankgamegui.TankGameApplication</class>
  <method>main</method>
  <thread>1</thread>
  <message>Program has started</message>
</record>
</log>
<?xml version="1.0" encoding="UTF-8" standalone="no"?>
<!DOCTYPE log SYSTEM "logger.dtd">
<log>
<record>
  <date>2018-06-04T22:17:32</date>
  <millis>1528143452231</millis>
  <sequence>0</sequence>
  <logger>global</logger>
  <level>INFO</level>
  <class>tankgamegui.TankGameApplication</class>
  <method>main</method>
  <thread>1</thread>
  <message>Program has started</message>
</record>
</log>
